<?xml version="1.0" encoding="UTF-8"?>
<testsuite xmlns:xsi="http://www.w3.org/2001/XMLSchema-instance" xsi:noNamespaceSchemaLocation="https://maven.apache.org/surefire/maven-surefire-plugin/xsd/surefire-test-report.xsd" name="com.technophiles.diaryapp.services.UserServiceTest" time="17.425" tests="7" errors="7" skipped="0" failures="0">
  <properties>
[...]
</properties>
  <testcase name="thatTestThrowsDiaryExceptionExceptionWhenEmailAlreadyExists" classname="com.technophiles.diaryapp.services.UserServiceTest" time="0.667">
    <error message="Query { &quot;$java&quot; : Query: { &quot;email&quot; : &quot;testemail@gmail.com&quot;}, Fields: {}, Sort: {} } returned non unique result." type="org.springframework.dao.IncorrectResultSizeDataAccessException">org.springframework.dao.IncorrectResultSizeDataAccessException: Query { "$java" : Query: { "email" : "testemail@gmail.com"}, Fields: {}, Sort: {} } returned non unique result.
	at com.technophiles.diaryapp.services.UserServiceTest.thatTestThrowsDiaryExceptionExceptionWhenEmailAlreadyExists(UserServiceTest.java:53)
</error>
    <system-out><![CDATA[2022-05-10 17:06:00.612  INFO 14532 --- [           main] .b.t.c.SpringBootTestContextBootstrapper : Neither @ContextConfiguration nor @ContextHierarchy found for test class [com.technophiles.diaryapp.services.UserServiceTest], using SpringBootContextLoader
2022-05-10 17:06:00.615  INFO 14532 --- [           main] o.s.t.c.support.AbstractContextLoader    : Could not detect default resource locations for test class [com.technophiles.diaryapp.services.UserServiceTest]: no resource found for suffixes {-context.xml, Context.groovy}.
2022-05-10 17:06:00.615  INFO 14532 --- [           main] t.c.s.AnnotationConfigContextLoaderUtils : Could not detect default configuration classes for test class [com.technophiles.diaryapp.services.UserServiceTest]: UserServiceTest does not declare any static, non-private, non-final, nested classes annotated with @Configuration.
2022-05-10 17:06:01.053  INFO 14532 --- [           main] .b.t.c.SpringBootTestContextBootstrapper : Found @SpringBootConfiguration com.technophiles.diaryapp.DiaryAppApplication for test class com.technophiles.diaryapp.services.UserServiceTest
2022-05-10 17:06:01.059  INFO 14532 --- [           main] .b.t.c.SpringBootTestContextBootstrapper : Loaded default TestExecutionListener class names from location [META-INF/spring.factories]: [org.springframework.boot.test.mock.mockito.MockitoTestExecutionListener, org.springframework.boot.test.mock.mockito.ResetMocksTestExecutionListener, org.springframework.boot.test.autoconfigure.restdocs.RestDocsTestExecutionListener, org.springframework.boot.test.autoconfigure.web.client.MockRestServiceServerResetTestExecutionListener, org.springframework.boot.test.autoconfigure.web.servlet.MockMvcPrintOnlyOnFailureTestExecutionListener, org.springframework.boot.test.autoconfigure.web.servlet.WebDriverTestExecutionListener, org.springframework.boot.test.autoconfigure.webservices.client.MockWebServiceServerTestExecutionListener, org.springframework.test.context.web.ServletTestExecutionListener, org.springframework.test.context.support.DirtiesContextBeforeModesTestExecutionListener, org.springframework.test.context.event.ApplicationEventsTestExecutionListener, org.springframework.test.context.support.DependencyInjectionTestExecutionListener, org.springframework.test.context.support.DirtiesContextTestExecutionListener, org.springframework.test.context.transaction.TransactionalTestExecutionListener, org.springframework.test.context.jdbc.SqlScriptsTestExecutionListener, org.springframework.test.context.event.EventPublishingTestExecutionListener]
2022-05-10 17:06:01.062  INFO 14532 --- [           main] .b.t.c.SpringBootTestContextBootstrapper : Using TestExecutionListeners: [org.springframework.test.context.web.ServletTestExecutionListener@16ccd2bc, org.springframework.test.context.support.DirtiesContextBeforeModesTestExecutionListener@12f8682a, org.springframework.test.context.event.ApplicationEventsTestExecutionListener@6f7a20da, org.springframework.boot.test.mock.mockito.MockitoTestExecutionListener@7752c0e7, org.springframework.boot.test.autoconfigure.SpringBootDependencyInjectionTestExecutionListener@77ba583, org.springframework.test.context.support.DirtiesContextTestExecutionListener@5613247e, org.springframework.test.context.transaction.TransactionalTestExecutionListener@6851b296, org.springframework.test.context.jdbc.SqlScriptsTestExecutionListener@9e50283, org.springframework.test.context.event.EventPublishingTestExecutionListener@5368e981, org.springframework.boot.test.mock.mockito.ResetMocksTestExecutionListener@1c171746, org.springframework.boot.test.autoconfigure.restdocs.RestDocsTestExecutionListener@79b7c350, org.springframework.boot.test.autoconfigure.web.client.MockRestServiceServerResetTestExecutionListener@586737ff, org.springframework.boot.test.autoconfigure.web.servlet.MockMvcPrintOnlyOnFailureTestExecutionListener@4cd7e993, org.springframework.boot.test.autoconfigure.web.servlet.WebDriverTestExecutionListener@685e6a68, org.springframework.boot.test.autoconfigure.webservices.client.MockWebServiceServerTestExecutionListener@2fb48970]

  .   ____          _            __ _ _
 /\\ / ___'_ __ _ _(_)_ __  __ _ \ \ \ \
( ( )\___ | '_ | '_| | '_ \/ _` | \ \ \ \
 \\/  ___)| |_)| | | | | || (_| |  ) ) ) )
  '  |____| .__|_| |_|_| |_\__, | / / / /
 =========|_|==============|___/=/_/_/_/
 :: Spring Boot ::                (v2.6.7)

2022-05-10 17:06:01.903  INFO 14532 --- [           main] c.t.diaryapp.services.UserServiceTest    : Starting UserServiceTest using Java 17.0.2 on DESKTOP-27SM2GI with PID 14532 (started by ADMIN in C:\Users\ADMIN\IdeaProjects\diary_app_project\technophiles-dairy-app)
2022-05-10 17:06:01.904  INFO 14532 --- [           main] c.t.diaryapp.services.UserServiceTest    : No active profile set, falling back to 1 default profile: "default"
2022-05-10 17:06:04.680  INFO 14532 --- [           main] .s.d.r.c.RepositoryConfigurationDelegate : Bootstrapping Spring Data MongoDB repositories in DEFAULT mode.
2022-05-10 17:06:04.694  INFO 14532 --- [           main] .s.d.r.c.RepositoryConfigurationDelegate : Finished Spring Data repository scanning in 13 ms. Found 2 MongoDB repository interfaces.
2022-05-10 17:06:06.741  INFO 14532 --- [           main] org.mongodb.driver.cluster               : Cluster created with settings {hosts=[localhost:27017], mode=SINGLE, requiredClusterType=UNKNOWN, serverSelectionTimeout='30000 ms'}
2022-05-10 17:06:07.159  INFO 14532 --- [localhost:27017] org.mongodb.driver.connection            : Opened connection [connectionId{localValue:4, serverValue:39}] to localhost:27017
2022-05-10 17:06:07.179  INFO 14532 --- [localhost:27017] org.mongodb.driver.connection            : Opened connection [connectionId{localValue:3, serverValue:40}] to localhost:27017
2022-05-10 17:06:07.179  INFO 14532 --- [localhost:27017] org.mongodb.driver.cluster               : Monitor thread successfully connected to server with description ServerDescription{address=localhost:27017, type=STANDALONE, state=CONNECTED, ok=true, minWireVersion=0, maxWireVersion=13, maxDocumentSize=16777216, logicalSessionTimeoutMinutes=30, roundTripTimeNanos=54410100}
2022-05-10 17:06:17.202  INFO 14532 --- [           main] c.t.diaryapp.services.UserServiceTest    : Started UserServiceTest in 16.126 seconds (JVM running for 83.142)
2022-05-10 17:06:17.829  INFO 14532 --- [           main] org.mongodb.driver.connection            : Opened connection [connectionId{localValue:5, serverValue:46}] to localhost:27017
]]></system-out>
  </testcase>
  <testcase name="testCreateAccount" classname="com.technophiles.diaryapp.services.UserServiceTest" time="0.095">
    <error message="Query { &quot;$java&quot; : Query: { &quot;email&quot; : &quot;testemail@gmail.com&quot;}, Fields: {}, Sort: {} } returned non unique result." type="org.springframework.dao.IncorrectResultSizeDataAccessException">org.springframework.dao.IncorrectResultSizeDataAccessException: Query { "$java" : Query: { "email" : "testemail@gmail.com"}, Fields: {}, Sort: {} } returned non unique result.
	at com.technophiles.diaryapp.services.UserServiceTest.testCreateAccount(UserServiceTest.java:44)
</error>
  </testcase>
  <testcase name="testThatCanDeleteAUserAndItsDiaries" classname="com.technophiles.diaryapp.services.UserServiceTest" time="0.147">
    <error message="Query { &quot;$java&quot; : Query: { &quot;email&quot; : &quot;testemail@gmail.com&quot;}, Fields: {}, Sort: {} } returned non unique result." type="org.springframework.dao.IncorrectResultSizeDataAccessException">org.springframework.dao.IncorrectResultSizeDataAccessException: Query { "$java" : Query: { "email" : "testemail@gmail.com"}, Fields: {}, Sort: {} } returned non unique result.
	at com.technophiles.diaryapp.services.UserServiceTest.testThatCanDeleteAUserAndItsDiaries(UserServiceTest.java:102)
</error>
  </testcase>
  <testcase name="testThatCanGetUserInformation" classname="com.technophiles.diaryapp.services.UserServiceTest" time="0.187">
    <error message="Query { &quot;$java&quot; : Query: { &quot;email&quot; : &quot;testemail@gmail.com&quot;}, Fields: {}, Sort: {} } returned non unique result." type="org.springframework.dao.IncorrectResultSizeDataAccessException">org.springframework.dao.IncorrectResultSizeDataAccessException: Query { "$java" : Query: { "email" : "testemail@gmail.com"}, Fields: {}, Sort: {} } returned non unique result.
	at com.technophiles.diaryapp.services.UserServiceTest.testThatCanGetUserInformation(UserServiceTest.java:63)
</error>
  </testcase>
  <testcase name="testThatThrowsExceptionWhenUserIdIsNotFound" classname="com.technophiles.diaryapp.services.UserServiceTest" time="0.102">
    <error message="Query { &quot;$java&quot; : Query: { &quot;email&quot; : &quot;testemail@gmail.com&quot;}, Fields: {}, Sort: {} } returned non unique result." type="org.springframework.dao.IncorrectResultSizeDataAccessException">org.springframework.dao.IncorrectResultSizeDataAccessException: Query { "$java" : Query: { "email" : "testemail@gmail.com"}, Fields: {}, Sort: {} } returned non unique result.
	at com.technophiles.diaryapp.services.UserServiceTest.testThatThrowsExceptionWhenUserIdIsNotFound(UserServiceTest.java:80)
</error>
  </testcase>
  <testcase name="testThatCanUpdateUserInformation" classname="com.technophiles.diaryapp.services.UserServiceTest" time="0.143">
    <error message="Query { &quot;$java&quot; : Query: { &quot;email&quot; : &quot;testemail@gmail.com&quot;}, Fields: {}, Sort: {} } returned non unique result." type="org.springframework.dao.IncorrectResultSizeDataAccessException">org.springframework.dao.IncorrectResultSizeDataAccessException: Query { "$java" : Query: { "email" : "testemail@gmail.com"}, Fields: {}, Sort: {} } returned non unique result.
	at com.technophiles.diaryapp.services.UserServiceTest.testThatCanUpdateUserInformation(UserServiceTest.java:70)
</error>
  </testcase>
  <testcase name="testThatCanAddDiaryToUser" classname="com.technophiles.diaryapp.services.UserServiceTest" time="0.2">
    <error message="Query { &quot;$java&quot; : Query: { &quot;email&quot; : &quot;testemail@gmail.com&quot;}, Fields: {}, Sort: {} } returned non unique result." type="org.springframework.dao.IncorrectResultSizeDataAccessException">org.springframework.dao.IncorrectResultSizeDataAccessException: Query { "$java" : Query: { "email" : "testemail@gmail.com"}, Fields: {}, Sort: {} } returned non unique result.
	at com.technophiles.diaryapp.services.UserServiceTest.testThatCanAddDiaryToUser(UserServiceTest.java:91)
</error>
  </testcase>
</testsuite>